Using pre-set license

 COMMAND LINE ARGUMENTS:
/Users/Cubby/Documents/2020.2.0a19/Unity.app/Contents/MacOS/Unity
-adb2
-batchMode
-noUpm
-name
AssetImportWorker0
-projectPath
/Users/Cubby/Documents/Living in Code/Full Releases/Bouncy Bullets Project/Bouncy-Bullets/Bouncy Bullets
-logFile
Logs/AssetImportWorker0.log
-srvPort
52279
Successfully changed project path to: /Users/Cubby/Documents/Living in Code/Full Releases/Bouncy Bullets Project/Bouncy-Bullets/Bouncy Bullets
/Users/Cubby/Documents/Living in Code/Full Releases/Bouncy Bullets Project/Bouncy-Bullets/Bouncy Bullets
Using Asset Import Pipeline V2.
Refreshing native plugins compatible for Editor in 98.22 ms, found 2 plugins.
Preloading 0 native plugins for Editor in 0.00 ms.
Initialize engine version: 2020.2.0a19 (8037ac78137e)
[Subsystems] Discovering subsystems at path /Users/Cubby/Documents/2020.2.0a19/Unity.app/Contents/Resources/UnitySubsystems
[Subsystems] Discovering subsystems at path /Users/Cubby/Documents/Living in Code/Full Releases/Bouncy Bullets Project/Bouncy-Bullets/Bouncy Bullets/Assets
GfxDevice: creating device client; threaded=0
2020-09-11 23:43:23.774 Unity[3127:117256] Color LCD preferred device: Intel(R) Iris(TM) Graphics 6000 (low power)
2020-09-11 23:43:23.774 Unity[3127:117256] Metal devices available: 1
2020-09-11 23:43:23.775 Unity[3127:117256] 0: Intel(R) Iris(TM) Graphics 6000 (low power)
2020-09-11 23:43:23.776 Unity[3127:117256] Using device Intel(R) Iris(TM) Graphics 6000 (low power)
Initializing Metal device caps: Intel(R) Iris(TM) Graphics 6000
Initialize mono
Mono path[0] = '/Users/Cubby/Documents/2020.2.0a19/Unity.app/Contents/Managed'
Mono path[1] = '/Users/Cubby/Documents/2020.2.0a19/Unity.app/Contents/MonoBleedingEdge/lib/mono/unityjit'
Mono config path = '/Users/Cubby/Documents/2020.2.0a19/Unity.app/Contents/MonoBleedingEdge/etc'
Using monoOptions --debugger-agent=transport=dt_socket,embedding=1,server=y,suspend=n,address=127.0.0.1:56127
Begin MonoManager ReloadAssembly
Registering precompiled unity dll's ...
Register platform support module: /Users/Cubby/Documents/2020.2.0a19/PlaybackEngines/WebGLSupport/UnityEditor.WebGL.Extensions.dll
Register platform support module: /Users/Cubby/Documents/2020.2.0a19/Unity.app/Contents/PlaybackEngines/MacStandaloneSupport/UnityEditor.OSXStandalone.Extensions.dll
Register platform support module: /Users/Cubby/Documents/2020.2.0a19/PlaybackEngines/WindowsStandaloneSupport/UnityEditor.WindowsStandalone.Extensions.dll
Registered in 0.014585 seconds.
Native extension for WindowsStandalone target not found
Native extension for OSXStandalone target not found
Native extension for WebGL target not found
Refreshing native plugins compatible for Editor in 63.84 ms, found 2 plugins.
Preloading 0 native plugins for Editor in 0.00 ms.
Invoked RoslynAnalysisRunner static constructor.
RoslynAnalysisRunner will not be running.
RoslynAnalysisRunner has terminated.
Mono: successfully reloaded assembly
- Completed reload, in  5.520 seconds
Registering precompiled user dll's ...
Registered in 0.164321 seconds.
Platform modules already initialized, skipping
Begin MonoManager ReloadAssembly
Symbol file LoadedFromMemory doesn't match image /Users/Cubby/Documents/Living in Code/Full Releases/Bouncy Bullets Project/Bouncy-Bullets/Bouncy Bullets/Library/PackageCache/com.unity.ext.nunit@1.0.0/net35/unity-custom/nunit.framework.dll
Native extension for WindowsStandalone target not found
Native extension for OSXStandalone target not found
Native extension for WebGL target not found
Refreshing native plugins compatible for Editor in 67.39 ms, found 2 plugins.
Preloading 0 native plugins for Editor in 0.00 ms.
Invoked RoslynAnalysisRunner static constructor.
RoslynAnalysisRunner will not be running.
RoslynAnalysisRunner has terminated.
Mono: successfully reloaded assembly
- Completed reload, in  1.582 seconds
Platform modules already initialized, skipping
========================================================================
Worker process is ready to serve import requests
Launching external process: /Users/Cubby/Documents/2020.2.0a19/Unity.app/Contents/Tools/UnityShaderCompiler
Launched and connected shader compiler UnityShaderCompiler after 0.08 seconds
Refreshing native plugins compatible for Editor in 0.67 ms, found 2 plugins.
Preloading 0 native plugins for Editor in 0.00 ms.
Unloading 1794 Unused Serialized files (Serialized files now loaded: 0)
System memory in use before: 141.6 MB.
System memory in use after: 141.6 MB.

Unloading 12 unused Assets to reduce memory usage. Loaded Objects now: 2227.
Total: 5.552450 ms (FindLiveObjects: 0.622793 ms CreateObjectMapping: 0.151928 ms MarkObjects: 4.497518 ms  DeleteObjects: 0.278254 ms)

========================================================================
Received Import Request.
  path: Assets/Prefabs/Kill All Bullets Powerup.prefab
  artifactKey: Guid(ed141c1812e9c4a5da5265dd0137c150) Importer(815301076,1909f56bfc062723c751e8b465ee728b)
Start importing Assets/Prefabs/Kill All Bullets Powerup.prefab using Guid(ed141c1812e9c4a5da5265dd0137c150) Importer(815301076,1909f56bfc062723c751e8b465ee728b)  -> (artifact id: '1fe11ec4301903dc23214b15cb465116') in 1.283564 seconds
  Import took 1.294854 seconds .

========================================================================
Received Prepare
Reloading mono domain
Begin MonoManager ReloadAssembly
Registering precompiled unity dll's ...
Register platform support module: /Users/Cubby/Documents/2020.2.0a19/PlaybackEngines/WebGLSupport/UnityEditor.WebGL.Extensions.dll
Register platform support module: /Users/Cubby/Documents/2020.2.0a19/Unity.app/Contents/PlaybackEngines/MacStandaloneSupport/UnityEditor.OSXStandalone.Extensions.dll
Register platform support module: /Users/Cubby/Documents/2020.2.0a19/PlaybackEngines/WindowsStandaloneSupport/UnityEditor.WindowsStandalone.Extensions.dll
Registered in 0.011763 seconds.
Symbol file LoadedFromMemory doesn't match image /Users/Cubby/Documents/Living in Code/Full Releases/Bouncy Bullets Project/Bouncy-Bullets/Bouncy Bullets/Library/PackageCache/com.unity.ext.nunit@1.0.0/net35/unity-custom/nunit.framework.dll
Native extension for WindowsStandalone target not found
Native extension for OSXStandalone target not found
Native extension for WebGL target not found
Refreshing native plugins compatible for Editor in 87.29 ms, found 2 plugins.
Preloading 0 native plugins for Editor in 0.00 ms.
Invoked RoslynAnalysisRunner static constructor.
RoslynAnalysisRunner will not be running.
RoslynAnalysisRunner has terminated.
Mono: successfully reloaded assembly
- Completed reload, in  2.033 seconds
Registering precompiled user dll's ...
Registered in 0.186407 seconds.
Platform modules already initialized, skipping
Begin MonoManager ReloadAssembly
Symbol file LoadedFromMemory doesn't match image /Users/Cubby/Documents/Living in Code/Full Releases/Bouncy Bullets Project/Bouncy-Bullets/Bouncy Bullets/Library/PackageCache/com.unity.ext.nunit@1.0.0/net35/unity-custom/nunit.framework.dll
Native extension for WindowsStandalone target not found
Native extension for OSXStandalone target not found
Native extension for WebGL target not found
Refreshing native plugins compatible for Editor in 0.51 ms, found 2 plugins.
Preloading 0 native plugins for Editor in 0.00 ms.
Invoked RoslynAnalysisRunner static constructor.
RoslynAnalysisRunner will not be running.
RoslynAnalysisRunner has terminated.
Mono: successfully reloaded assembly
- Completed reload, in  1.776 seconds
Platform modules already initialized, skipping
Refreshing native plugins compatible for Editor in 1.12 ms, found 2 plugins.
Preloading 0 native plugins for Editor in 0.00 ms.
Unloading 13 Unused Serialized files (Serialized files now loaded: 0)
System memory in use before: 115.6 MB.
System memory in use after: 115.6 MB.

Unloading 12 unused Assets to reduce memory usage. Loaded Objects now: 2238.
Total: 8.059273 ms (FindLiveObjects: 1.909951 ms CreateObjectMapping: 0.312692 ms MarkObjects: 5.490951 ms  DeleteObjects: 0.324097 ms)

========================================================================
Received Prepare
Reloading mono domain
Begin MonoManager ReloadAssembly
Registering precompiled unity dll's ...
Register platform support module: /Users/Cubby/Documents/2020.2.0a19/PlaybackEngines/WebGLSupport/UnityEditor.WebGL.Extensions.dll
Register platform support module: /Users/Cubby/Documents/2020.2.0a19/Unity.app/Contents/PlaybackEngines/MacStandaloneSupport/UnityEditor.OSXStandalone.Extensions.dll
Register platform support module: /Users/Cubby/Documents/2020.2.0a19/PlaybackEngines/WindowsStandaloneSupport/UnityEditor.WindowsStandalone.Extensions.dll
Registered in 0.018020 seconds.
Symbol file LoadedFromMemory doesn't match image /Users/Cubby/Documents/Living in Code/Full Releases/Bouncy Bullets Project/Bouncy-Bullets/Bouncy Bullets/Library/PackageCache/com.unity.ext.nunit@1.0.0/net35/unity-custom/nunit.framework.dll
Native extension for WindowsStandalone target not found
Native extension for OSXStandalone target not found
Native extension for WebGL target not found
Refreshing native plugins compatible for Editor in 105.42 ms, found 2 plugins.
Preloading 0 native plugins for Editor in 0.00 ms.
Invoked RoslynAnalysisRunner static constructor.
RoslynAnalysisRunner will not be running.
RoslynAnalysisRunner has terminated.
Mono: successfully reloaded assembly
- Completed reload, in  2.683 seconds
Registering precompiled user dll's ...
Registered in 0.168003 seconds.
Platform modules already initialized, skipping
Begin MonoManager ReloadAssembly
Symbol file LoadedFromMemory doesn't match image /Users/Cubby/Documents/Living in Code/Full Releases/Bouncy Bullets Project/Bouncy-Bullets/Bouncy Bullets/Library/PackageCache/com.unity.ext.nunit@1.0.0/net35/unity-custom/nunit.framework.dll
Native extension for WindowsStandalone target not found
Native extension for OSXStandalone target not found
Native extension for WebGL target not found
Refreshing native plugins compatible for Editor in 2.96 ms, found 2 plugins.
Preloading 0 native plugins for Editor in 0.00 ms.
Invoked RoslynAnalysisRunner static constructor.
RoslynAnalysisRunner will not be running.
RoslynAnalysisRunner has terminated.
Mono: successfully reloaded assembly
- Completed reload, in  2.713 seconds
Platform modules already initialized, skipping
Refreshing native plugins compatible for Editor in 0.65 ms, found 2 plugins.
Preloading 0 native plugins for Editor in 0.00 ms.
Unloading 13 Unused Serialized files (Serialized files now loaded: 0)
System memory in use before: 117.6 MB.
System memory in use after: 117.6 MB.

Unloading 12 unused Assets to reduce memory usage. Loaded Objects now: 2242.
Total: 5.021295 ms (FindLiveObjects: 0.950213 ms CreateObjectMapping: 0.292920 ms MarkObjects: 3.593998 ms  DeleteObjects: 0.181583 ms)

